<?xml version="1.0" encoding="UTF-8"?>
<!-- Generated by org.testng.reporters.JUnitReportReporter -->
<testsuite hostname="DESKTOP-ONCLDGO" failures="0" tests="3" name="com.browserstack.BStackDemoTest" time="37.767" errors="0" timestamp="2023-01-13T11:57:51 GET" skipped="0">
  <testcase classname="com.browserstack.BStackDemoTest" name="addProductToCart" time="11.579"/>
  <system-out/>
  <testcase classname="com.browserstack.BStackDemoTest" name="addProductToCart" time="11.315"/>
  <system-out/>
  <testcase classname="com.browserstack.BStackDemoTest" name="addProductToCart" time="14.873"/>
  <system-out/>
</testsuite> <!-- com.browserstack.BStackDemoTest -->
